0 silly argv {
0 silly argv   _: [ 'bootstrap' ],
0 silly argv   lernaVersion: '3.22.1',
0 silly argv   '$0': '/usr/local/bin/lerna'
0 silly argv }
1 notice cli v3.22.1
2 verbose rootPath /Users/liyimin/Desktop/daily/di18n-master
3 silly npmConfig {
3 silly npmConfig   registry: undefined,
3 silly npmConfig   npmClient: 'npm',
3 silly npmConfig   npmClientArgs: [],
3 silly npmConfig   mutex: undefined
3 silly npmConfig }
4 info Bootstrapping 4 packages
5 verbose lifecycle preinstall
6 silly lifecycle No script for "preinstall" in "di18n-core", continuing
7 silly lifecycle No script for "preinstall" in "di18n-react", continuing
8 silly lifecycle No script for "preinstall" in "di18n-vue", continuing
9 silly lifecycle No script for "preinstall" in "di18n-cli", continuing
10 silly hasDependencyInstalled di18n-cli vuepress
11 silly hasDependencyInstalled di18n-cli @vitalets/google-translate-api
12 silly hasDependencyInstalled di18n-core @vitalets/google-translate-api
13 silly hasDependencyInstalled di18n-cli axios
14 silly hasDependencyInstalled di18n-cli babel-template
15 silly hasDependencyInstalled di18n-cli chalk
16 silly hasDependencyInstalled di18n-core chalk
17 silly hasDependencyInstalled di18n-cli commander
18 silly hasDependencyInstalled di18n-cli glob
19 silly hasDependencyInstalled di18n-core glob
20 silly hasDependencyInstalled di18n-cli inquirer
21 silly hasDependencyInstalled di18n-cli parse5
22 silly hasDependencyInstalled di18n-core parse5
23 silly hasDependencyInstalled di18n-cli prettier
24 silly hasDependencyInstalled di18n-core prettier
25 silly hasDependencyInstalled di18n-core @babel/core
26 silly hasDependencyInstalled di18n-core @babel/generator
27 silly hasDependencyInstalled di18n-core @babel/plugin-proposal-optional-chaining
28 silly hasDependencyInstalled di18n-core @babel/plugin-syntax-async-generators
29 silly hasDependencyInstalled di18n-core @babel/plugin-syntax-class-properties
30 silly hasDependencyInstalled di18n-core @babel/plugin-syntax-decorators
31 silly hasDependencyInstalled di18n-core @babel/plugin-syntax-do-expressions
32 silly hasDependencyInstalled di18n-core @babel/plugin-syntax-dynamic-import
33 silly hasDependencyInstalled di18n-core @babel/plugin-syntax-flow
34 silly hasDependencyInstalled di18n-core @babel/plugin-syntax-function-bind
35 silly hasDependencyInstalled di18n-core @babel/plugin-syntax-function-sent
36 silly hasDependencyInstalled di18n-core @babel/plugin-syntax-jsx
37 silly hasDependencyInstalled di18n-core @babel/plugin-syntax-object-rest-spread
38 silly hasDependencyInstalled di18n-core @babel/preset-typescript
39 silly hasDependencyInstalled di18n-core @babel/traverse
40 silly hasDependencyInstalled di18n-core @babel/types
41 silly hasDependencyInstalled di18n-core @prettier/plugin-pug
42 silly hasDependencyInstalled di18n-core @typescript-eslint/typescript-estree
43 silly hasDependencyInstalled di18n-core mustache
44 silly hasDependencyInstalled di18n-core pug-lexer
45 silly hasDependencyInstalled di18n-core pug-parser
46 silly hasDependencyInstalled di18n-core pug-source-gen
47 silly hasDependencyInstalled di18n-react umi
48 silly hasDependencyInstalled di18n-vue umi
49 silly hasDependencyInstalled di18n-react umi-library
50 silly hasDependencyInstalled di18n-vue umi-library
51 silly hasDependencyInstalled di18n-react umi-test
52 silly hasDependencyInstalled di18n-vue umi-test
53 silly hasDependencyInstalled di18n-react console-polyfill
54 silly hasDependencyInstalled di18n-react cookie
55 silly hasDependencyInstalled di18n-react escape-html
56 silly hasDependencyInstalled di18n-react html-parse-stringify2
57 silly hasDependencyInstalled di18n-react intl
58 silly hasDependencyInstalled di18n-react intl-messageformat
59 silly hasDependencyInstalled di18n-react invariant
60 silly hasDependencyInstalled di18n-react is-electron
61 silly hasDependencyInstalled di18n-react load-script
62 silly hasDependencyInstalled di18n-react lodash.merge
63 silly hasDependencyInstalled di18n-react object-keys
64 silly hasDependencyInstalled di18n-react querystring
65 silly hasDependencyInstalled di18n-vue js-cookie
66 silly hasDependencyInstalled di18n-vue vue-i18n
67 silly root dependencies {}
68 silly leaf dependencies {}
69 info Installing external dependencies
70 verbose actions 4 actions, concurrency 8
71 silly npmInstallDependencies di18n-cli [
71 silly npmInstallDependencies   'vuepress@^1.3.1',
71 silly npmInstallDependencies   '@vitalets/google-translate-api@^8.0.0',
71 silly npmInstallDependencies   'axios@^0.19.0',
71 silly npmInstallDependencies   'babel-template@^6.26.0',
71 silly npmInstallDependencies   'chalk@^2.4.1',
71 silly npmInstallDependencies   'commander@^2.18.0',
71 silly npmInstallDependencies   'glob@^7.1.6',
71 silly npmInstallDependencies   'inquirer@^6.2.2',
71 silly npmInstallDependencies   'parse5@^5.1.0',
71 silly npmInstallDependencies   'prettier@^2.1.2'
71 silly npmInstallDependencies ]
72 silly npmInstallDependencies backup /Users/liyimin/Desktop/daily/di18n-master/packages/di18n-cli/package.json
73 silly npmInstallDependencies di18n-core [
73 silly npmInstallDependencies   '@vitalets/google-translate-api@^8.0.0',
73 silly npmInstallDependencies   'chalk@^3.0.0',
73 silly npmInstallDependencies   'glob@^7.1.6',
73 silly npmInstallDependencies   'parse5@^5.1.1',
73 silly npmInstallDependencies   'prettier@^2.7.1',
73 silly npmInstallDependencies   '@babel/core@^7.18.10',
73 silly npmInstallDependencies   '@babel/generator@^7.18.0',
73 silly npmInstallDependencies   '@babel/plugin-proposal-optional-chaining@^7.18.9',
73 silly npmInstallDependencies   '@babel/plugin-syntax-async-generators@^7.8.4',
73 silly npmInstallDependencies   '@babel/plugin-syntax-class-properties@^7.12.13',
73 silly npmInstallDependencies   '@babel/plugin-syntax-decorators@^7.18.6',
73 silly npmInstallDependencies   '@babel/plugin-syntax-do-expressions@^7.18.6',
73 silly npmInstallDependencies   '@babel/plugin-syntax-dynamic-import@^7.8.3',
73 silly npmInstallDependencies   '@babel/plugin-syntax-flow@^7.18.6',
73 silly npmInstallDependencies   '@babel/plugin-syntax-function-bind@^7.18.6',
73 silly npmInstallDependencies   '@babel/plugin-syntax-function-sent@^7.18.6',
73 silly npmInstallDependencies   '@babel/plugin-syntax-jsx@^7.18.6',
73 silly npmInstallDependencies   '@babel/plugin-syntax-object-rest-spread@^7.8.3',
73 silly npmInstallDependencies   '@babel/preset-typescript@^7.18.6',
73 silly npmInstallDependencies   '@babel/traverse@^7.18.10',
73 silly npmInstallDependencies   '@babel/types@^7.18.10',
73 silly npmInstallDependencies   '@prettier/plugin-pug@^1.8.1',
73 silly npmInstallDependencies   '@typescript-eslint/typescript-estree@^3.8.0',
73 silly npmInstallDependencies   'mustache@^4.0.1',
73 silly npmInstallDependencies   'pug-lexer@^4.1.0',
73 silly npmInstallDependencies   'pug-parser@^5.0.1',
73 silly npmInstallDependencies   'pug-source-gen@0.0.2'
73 silly npmInstallDependencies ]
74 silly npmInstallDependencies backup /Users/liyimin/Desktop/daily/di18n-master/packages/di18n-core/package.json
75 silly npmInstallDependencies di18n-react [
75 silly npmInstallDependencies   'umi@^3.0.7',
75 silly npmInstallDependencies   'umi-library@^1.2.0',
75 silly npmInstallDependencies   'umi-test@^1.4.4',
75 silly npmInstallDependencies   'console-polyfill@^0.3.0',
75 silly npmInstallDependencies   'cookie@^0.3.1',
75 silly npmInstallDependencies   'escape-html@^1.0.3',
75 silly npmInstallDependencies   'html-parse-stringify2@^2.0.1',
75 silly npmInstallDependencies   'intl@^1.2.5',
75 silly npmInstallDependencies   'intl-messageformat@^2.2.0',
75 silly npmInstallDependencies   'invariant@^2.2.2',
75 silly npmInstallDependencies   'is-electron@^2.1.0',
75 silly npmInstallDependencies   'load-script@^1.0.0',
75 silly npmInstallDependencies   'lodash.merge@^4.6.1',
75 silly npmInstallDependencies   'object-keys@^1.0.11',
75 silly npmInstallDependencies   'querystring@^0.2.0'
75 silly npmInstallDependencies ]
76 silly npmInstallDependencies backup /Users/liyimin/Desktop/daily/di18n-master/packages/di18n-react/package.json
77 silly npmInstallDependencies di18n-vue [
77 silly npmInstallDependencies   'umi@^3.0.7',
77 silly npmInstallDependencies   'umi-library@^1.2.0',
77 silly npmInstallDependencies   'umi-test@^1.4.4',
77 silly npmInstallDependencies   'js-cookie@^2.2.1',
77 silly npmInstallDependencies   'vue-i18n@^8.18.2'
77 silly npmInstallDependencies ]
78 silly npmInstallDependencies backup /Users/liyimin/Desktop/daily/di18n-master/packages/di18n-vue/package.json
79 silly npmInstallDependencies writing tempJson {
79 silly npmInstallDependencies   name: 'di18n-cli',
79 silly npmInstallDependencies   version: '0.1.29',
79 silly npmInstallDependencies   main: 'index.js',
79 silly npmInstallDependencies   license: 'MIT',
79 silly npmInstallDependencies   bin: { di18n: './bin/index.js' },
79 silly npmInstallDependencies   dependencies: {
79 silly npmInstallDependencies     '@vitalets/google-translate-api': '^8.0.0',
79 silly npmInstallDependencies     axios: '^0.19.0',
79 silly npmInstallDependencies     'babel-template': '^6.26.0',
79 silly npmInstallDependencies     chalk: '^2.4.1',
79 silly npmInstallDependencies     commander: '^2.18.0',
79 silly npmInstallDependencies     glob: '^7.1.6',
79 silly npmInstallDependencies     inquirer: '^6.2.2',
79 silly npmInstallDependencies     parse5: '^5.1.0',
79 silly npmInstallDependencies     prettier: '^2.1.2'
79 silly npmInstallDependencies   },
79 silly npmInstallDependencies   devDependencies: { vuepress: '^1.3.1' }
79 silly npmInstallDependencies }
80 silly npmInstallDependencies writing tempJson {
80 silly npmInstallDependencies   name: 'di18n-core',
80 silly npmInstallDependencies   version: '0.1.29',
80 silly npmInstallDependencies   main: 'index.js',
80 silly npmInstallDependencies   license: 'MIT',
80 silly npmInstallDependencies   dependencies: {
80 silly npmInstallDependencies     '@babel/core': '^7.18.10',
80 silly npmInstallDependencies     '@babel/generator': '^7.18.0',
80 silly npmInstallDependencies     '@babel/plugin-proposal-optional-chaining': '^7.18.9',
80 silly npmInstallDependencies     '@babel/plugin-syntax-async-generators': '^7.8.4',
80 silly npmInstallDependencies     '@babel/plugin-syntax-class-properties': '^7.12.13',
80 silly npmInstallDependencies     '@babel/plugin-syntax-decorators': '^7.18.6',
80 silly npmInstallDependencies     '@babel/plugin-syntax-do-expressions': '^7.18.6',
80 silly npmInstallDependencies     '@babel/plugin-syntax-dynamic-import': '^7.8.3',
80 silly npmInstallDependencies     '@babel/plugin-syntax-flow': '^7.18.6',
80 silly npmInstallDependencies     '@babel/plugin-syntax-function-bind': '^7.18.6',
80 silly npmInstallDependencies     '@babel/plugin-syntax-function-sent': '^7.18.6',
80 silly npmInstallDependencies     '@babel/plugin-syntax-jsx': '^7.18.6',
80 silly npmInstallDependencies     '@babel/plugin-syntax-object-rest-spread': '^7.8.3',
80 silly npmInstallDependencies     '@babel/preset-typescript': '^7.18.6',
80 silly npmInstallDependencies     '@babel/traverse': '^7.18.10',
80 silly npmInstallDependencies     '@babel/types': '^7.18.10',
80 silly npmInstallDependencies     '@prettier/plugin-pug': '^1.8.1',
80 silly npmInstallDependencies     '@typescript-eslint/typescript-estree': '^3.8.0',
80 silly npmInstallDependencies     '@vitalets/google-translate-api': '^8.0.0',
80 silly npmInstallDependencies     chalk: '^3.0.0',
80 silly npmInstallDependencies     glob: '^7.1.6',
80 silly npmInstallDependencies     mustache: '^4.0.1',
80 silly npmInstallDependencies     parse5: '^5.1.1',
80 silly npmInstallDependencies     prettier: '^2.7.1',
80 silly npmInstallDependencies     'pug-lexer': '^4.1.0',
80 silly npmInstallDependencies     'pug-parser': '^5.0.1',
80 silly npmInstallDependencies     'pug-source-gen': '0.0.2'
80 silly npmInstallDependencies   },
80 silly npmInstallDependencies   peerDependencies: { 'vue-template-compiler': '> ^2.5.16' }
80 silly npmInstallDependencies }
81 silly npmInstallDependencies writing tempJson {
81 silly npmInstallDependencies   name: 'di18n-react',
81 silly npmInstallDependencies   version: '0.1.28',
81 silly npmInstallDependencies   main: 'dist/index.js',
81 silly npmInstallDependencies   module: 'dist/index.esm.js',
81 silly npmInstallDependencies   typings: 'index.d.ts',
81 silly npmInstallDependencies   files: [ 'dist', 'index.d.ts' ],
81 silly npmInstallDependencies   peerDependencies: { react: '^16.0.0' },
81 silly npmInstallDependencies   devDependencies: { umi: '^3.0.7', 'umi-library': '^1.2.0', 'umi-test': '^1.4.4' },
81 silly npmInstallDependencies   dependencies: {
81 silly npmInstallDependencies     'console-polyfill': '^0.3.0',
81 silly npmInstallDependencies     cookie: '^0.3.1',
81 silly npmInstallDependencies     'escape-html': '^1.0.3',
81 silly npmInstallDependencies     'html-parse-stringify2': '^2.0.1',
81 silly npmInstallDependencies     intl: '^1.2.5',
81 silly npmInstallDependencies     'intl-messageformat': '^2.2.0',
81 silly npmInstallDependencies     invariant: '^2.2.2',
81 silly npmInstallDependencies     'is-electron': '^2.1.0',
81 silly npmInstallDependencies     'load-script': '^1.0.0',
81 silly npmInstallDependencies     'lodash.merge': '^4.6.1',
81 silly npmInstallDependencies     'object-keys': '^1.0.11',
81 silly npmInstallDependencies     querystring: '^0.2.0'
81 silly npmInstallDependencies   },
81 silly npmInstallDependencies   license: 'MIT'
81 silly npmInstallDependencies }
82 silly npmInstallDependencies writing tempJson {
82 silly npmInstallDependencies   name: 'di18n-vue',
82 silly npmInstallDependencies   version: '0.1.28',
82 silly npmInstallDependencies   description: '',
82 silly npmInstallDependencies   main: 'dist/index.js',
82 silly npmInstallDependencies   module: 'dist/index.esm.js',
82 silly npmInstallDependencies   files: [ 'dist' ],
82 silly npmInstallDependencies   keywords: [],
82 silly npmInstallDependencies   author: '',
82 silly npmInstallDependencies   dependencies: { 'js-cookie': '^2.2.1', 'vue-i18n': '^8.18.2' },
82 silly npmInstallDependencies   devDependencies: { umi: '^3.0.7', 'umi-library': '^1.2.0', 'umi-test': '^1.4.4' },
82 silly npmInstallDependencies   license: 'MIT'
82 silly npmInstallDependencies }
83 silly getExecOpts /Users/liyimin/Desktop/daily/di18n-master/packages/di18n-cli undefined
84 silly npmInstall [ 'npm', [ 'install' ] ]
85 silly getExecOpts /Users/liyimin/Desktop/daily/di18n-master/packages/di18n-vue undefined
86 silly npmInstall [ 'npm', [ 'install' ] ]
87 silly getExecOpts /Users/liyimin/Desktop/daily/di18n-master/packages/di18n-react undefined
88 silly npmInstall [ 'npm', [ 'install' ] ]
89 silly getExecOpts /Users/liyimin/Desktop/daily/di18n-master/packages/di18n-core undefined
90 silly npmInstall [ 'npm', [ 'install' ] ]
91 silly npmInstallDependencies cleanup /Users/liyimin/Desktop/daily/di18n-master/packages/di18n-cli/package.json
92 verbose installed leaf di18n-cli
93 silly npmInstallDependencies cleanup /Users/liyimin/Desktop/daily/di18n-master/packages/di18n-core/package.json
94 verbose installed leaf di18n-core
95 silly npmInstallDependencies cleanup /Users/liyimin/Desktop/daily/di18n-master/packages/di18n-vue/package.json
96 error Error: Command failed: npm install
96 error
96 error <--- Last few GCs --->
96 error
96 error [50090:0x128008000]   543182 ms: Scavenge 2022.3 (2084.5) -> 2019.8 (2084.5) MB, 9.2 / 0.0 ms  (average mu = 0.552, current mu = 0.585) task
96 error [50090:0x128008000]   543456 ms: Scavenge 2023.8 (2084.5) -> 2021.7 (2084.5) MB, 8.0 / 0.0 ms  (average mu = 0.552, current mu = 0.585) task
96 error [50090:0x128008000]   543673 ms: Scavenge 2026.4 (2084.5) -> 2024.1 (2100.5) MB, 14.0 / 0.0 ms  (average mu = 0.552, current mu = 0.585) task
96 error
96 error
96 error <--- JS stacktrace --->
96 error
96 error FATAL ERROR: Reached heap limit Allocation failed - JavaScript heap out of memory
96 error  1: 0x104b3352c node::Abort() [/usr/local/bin/node]
96 error  2: 0x104b3371c node::ModifyCodeGenerationFromStrings(v8::Local<v8::Context>, v8::Local<v8::Value>, bool) [/usr/local/bin/node]
96 error  3: 0x104c76298 v8::Utils::ReportOOMFailure(v8::internal::Isolate*, char const*, bool) [/usr/local/bin/node]
96 error  4: 0x104c76258 v8::internal::V8::FatalProcessOutOfMemory(v8::internal::Isolate*, char const*, bool) [/usr/local/bin/node]
96 error  5: 0x104df9784 v8::internal::Heap::GarbageCollectionReasonToString(v8::internal::GarbageCollectionReason) [/usr/local/bin/node]
96 error  6: 0x104df82a4 v8::internal::Heap::CollectGarbage(v8::internal::AllocationSpace, v8::internal::GarbageCollectionReason, v8::GCCallbackFlags) [/usr/local/bin/node]
96 error  7: 0x104e72304 v8::internal::ScavengeJob::Task::RunInternal() [/usr/local/bin/node]
96 error  8: 0x104b8efc8 node::PerIsolatePlatformData::RunForegroundTask(std::__1::unique_ptr<v8::Task, std::__1::default_delete<v8::Task> >) [/usr/local/bin/node]
96 error  9: 0x104b8dc34 node::PerIsolatePlatformData::FlushForegroundTasksInternal() [/usr/local/bin/node]
96 error 10: 0x105397358 uv__async_io [/usr/local/bin/node]
96 error 11: 0x1053a90a4 uv__io_poll [/usr/local/bin/node]
96 error 12: 0x1053977e8 uv_run [/usr/local/bin/node]
96 error 13: 0x104a816d4 node::SpinEventLoop(node::Environment*) [/usr/local/bin/node]
96 error 14: 0x104b6d308 node::NodeMainInstance::Run(int*, node::Environment*) [/usr/local/bin/node]
96 error 15: 0x104b6cfe8 node::NodeMainInstance::Run() [/usr/local/bin/node]
96 error 16: 0x104b04ae4 node::Start(int, char**) [/usr/local/bin/node]
96 error 17: 0x182a67e50 start [/usr/lib/dyld]
96 error
96 error     at makeError (/Users/liyimin/Desktop/daily/di18n-master/node_modules/execa/index.js:174:9)
96 error     at /Users/liyimin/Desktop/daily/di18n-master/node_modules/execa/index.js:278:16
96 error     at runMicrotasks (<anonymous>)
